<?xml version="1.0" encoding="UTF-8"?>
<coverage generated="1683769888191" clover="3.2.0">
  <project timestamp="1683769888191" name="All files">
    <metrics statements="21" coveredstatements="8" conditionals="4" coveredconditionals="2" methods="11" coveredmethods="5" elements="36" coveredelements="15" complexity="0" loc="21" ncloc="21" packages="3" files="3" classes="3"/>
    <package name="CostList">
      <metrics statements="14" coveredstatements="3" conditionals="4" coveredconditionals="2" methods="6" coveredmethods="2"/>
      <file name="CostList.tsx" path="F:\Work\Education\React\Otus\Project\CostControlAndrewKoldyrev\src\CostList\CostList.tsx">
        <metrics statements="14" coveredstatements="3" conditionals="4" coveredconditionals="2" methods="6" coveredmethods="2"/>
        <line num="9" count="2" type="stmt"/>
        <line num="10" count="2" type="stmt"/>
        <line num="23" count="0" type="stmt"/>
        <line num="24" count="0" type="stmt"/>
        <line num="28" count="0" type="stmt"/>
        <line num="29" count="0" type="stmt"/>
        <line num="30" count="0" type="stmt"/>
        <line num="31" count="0" type="stmt"/>
        <line num="37" count="0" type="stmt"/>
        <line num="41" count="0" type="stmt"/>
        <line num="42" count="0" type="stmt"/>
        <line num="43" count="0" type="stmt"/>
        <line num="47" count="2" type="stmt"/>
        <line num="56" count="0" type="stmt"/>
      </file>
    </package>
    <package name="CostList.CostItem">
      <metrics statements="3" coveredstatements="2" conditionals="0" coveredconditionals="0" methods="2" coveredmethods="1"/>
      <file name="CostItem.tsx" path="F:\Work\Education\React\Otus\Project\CostControlAndrewKoldyrev\src\CostList\CostItem\CostItem.tsx">
        <metrics statements="3" coveredstatements="2" conditionals="0" coveredconditionals="0" methods="2" coveredmethods="1"/>
        <line num="6" count="2" type="stmt"/>
        <line num="7" count="0" type="stmt"/>
        <line num="11" count="2" type="stmt"/>
      </file>
    </package>
    <package name="CostList.CostItemAdd">
      <metrics statements="4" coveredstatements="3" conditionals="0" coveredconditionals="0" methods="3" coveredmethods="2"/>
      <file name="CostItemAdd.tsx" path="F:\Work\Education\React\Otus\Project\CostControlAndrewKoldyrev\src\CostList\CostItemAdd\CostItemAdd.tsx">
        <metrics statements="4" coveredstatements="3" conditionals="0" coveredconditionals="0" methods="3" coveredmethods="2"/>
        <line num="7" count="2" type="stmt"/>
        <line num="8" count="2" type="stmt"/>
        <line num="12" count="0" type="stmt"/>
        <line num="16" count="2" type="stmt"/>
      </file>
    </package>
  </project>
</coverage>
