{"F:\\Work\\Education\\React\\Otus\\Project\\CostControlAndrewKoldyrev\\src\\CostList\\CostList.tsx": {"path":"F:\\Work\\Education\\React\\Otus\\Project\\CostControlAndrewKoldyrev\\src\\CostList\\CostList.tsx","statementMap":{"0":{"start":{"line":9,"column":4},"end":{"line":9,"column":16}},"1":{"start":{"line":10,"column":4},"end":{"line":19,"column":5}},"2":{"start":{"line":23,"column":21},"end":{"line":23,"column":41}},"3":{"start":{"line":24,"column":4},"end":{"line":24,"column":31}},"4":{"start":{"line":28,"column":22},"end":{"line":28,"column":51}},"5":{"start":{"line":29,"column":4},"end":{"line":29,"column":24}},"6":{"start":{"line":30,"column":21},"end":{"line":30,"column":26}},"7":{"start":{"line":31,"column":29},"end":{"line":36,"column":5}},"8":{"start":{"line":37,"column":4},"end":{"line":37,"column":60}},"9":{"start":{"line":41,"column":22},"end":{"line":41,"column":47}},"10":{"start":{"line":42,"column":4},"end":{"line":42,"column":30}},"11":{"start":{"line":43,"column":4},"end":{"line":43,"column":32}},"12":{"start":{"line":47,"column":4},"end":{"line":63,"column":5}},"13":{"start":{"line":56,"column":12},"end":{"line":59,"column":66}}},"fnMap":{"0":{"name":"(anonymous_0)","decl":{"start":{"line":8,"column":2},"end":{"line":8,"column":3}},"loc":{"start":{"line":8,"column":42},"end":{"line":20,"column":3}},"line":8},"1":{"name":"(anonymous_1)","decl":{"start":{"line":22,"column":2},"end":{"line":22,"column":3}},"loc":{"start":{"line":22,"column":22},"end":{"line":25,"column":3}},"line":22},"2":{"name":"(anonymous_2)","decl":{"start":{"line":27,"column":2},"end":{"line":27,"column":3}},"loc":{"start":{"line":27,"column":41},"end":{"line":38,"column":3}},"line":27},"3":{"name":"(anonymous_3)","decl":{"start":{"line":40,"column":2},"end":{"line":40,"column":3}},"loc":{"start":{"line":40,"column":39},"end":{"line":44,"column":3}},"line":40},"4":{"name":"(anonymous_4)","decl":{"start":{"line":46,"column":2},"end":{"line":46,"column":3}},"loc":{"start":{"line":46,"column":32},"end":{"line":64,"column":3}},"line":46},"5":{"name":"(anonymous_5)","decl":{"start":{"line":55,"column":39},"end":{"line":55,"column":40}},"loc":{"start":{"line":56,"column":12},"end":{"line":59,"column":66}},"line":56}},"branchMap":{"0":{"loc":{"start":{"line":51,"column":10},"end":{"line":52,"column":127}},"type":"binary-expr","locations":[{"start":{"line":51,"column":10},"end":{"line":51,"column":29}},{"start":{"line":52,"column":8},"end":{"line":52,"column":127}}],"line":51},"1":{"loc":{"start":{"line":54,"column":10},"end":{"line":60,"column":48}},"type":"cond-expr","locations":[{"start":{"line":55,"column":14},"end":{"line":59,"column":67}},{"start":{"line":60,"column":14},"end":{"line":60,"column":48}}],"line":54}},"s":{"0":2,"1":2,"2":0,"3":0,"4":0,"5":0,"6":0,"7":0,"8":0,"9":0,"10":0,"11":0,"12":2,"13":0},"f":{"0":2,"1":0,"2":0,"3":0,"4":2,"5":0},"b":{"0":[2,0],"1":[0,2]},"_coverageSchema":"1a1c01bbd47fc00a2c39e90264f33305004495a9","hash":"45b1466c7c0136df6b958bdc9e947f2d2e4e9ee8"}
,"F:\\Work\\Education\\React\\Otus\\Project\\CostControlAndrewKoldyrev\\src\\CostList\\CostItem\\CostItem.tsx": {"path":"F:\\Work\\Education\\React\\Otus\\Project\\CostControlAndrewKoldyrev\\src\\CostList\\CostItem\\CostItem.tsx","statementMap":{"0":{"start":{"line":6,"column":17},"end":{"line":8,"column":3}},"1":{"start":{"line":7,"column":4},"end":{"line":7,"column":26}},"2":{"start":{"line":11,"column":4},"end":{"line":26,"column":11}}},"fnMap":{"0":{"name":"(anonymous_0)","decl":{"start":{"line":6,"column":17},"end":{"line":6,"column":18}},"loc":{"start":{"line":6,"column":29},"end":{"line":8,"column":3}},"line":6},"1":{"name":"(anonymous_1)","decl":{"start":{"line":10,"column":2},"end":{"line":10,"column":3}},"loc":{"start":{"line":10,"column":32},"end":{"line":27,"column":3}},"line":10}},"branchMap":{},"s":{"0":2,"1":0,"2":2},"f":{"0":0,"1":2},"b":{},"_coverageSchema":"1a1c01bbd47fc00a2c39e90264f33305004495a9","hash":"8a01f2c17c0c1f920a9e62b4374b93aadc78e340"}
,"F:\\Work\\Education\\React\\Otus\\Project\\CostControlAndrewKoldyrev\\src\\CostList\\CostItemAdd\\CostItemAdd.tsx": {"path":"F:\\Work\\Education\\React\\Otus\\Project\\CostControlAndrewKoldyrev\\src\\CostList\\CostItemAdd\\CostItemAdd.tsx","statementMap":{"0":{"start":{"line":7,"column":4},"end":{"line":7,"column":16}},"1":{"start":{"line":8,"column":4},"end":{"line":8,"column":36}},"2":{"start":{"line":12,"column":4},"end":{"line":12,"column":22}},"3":{"start":{"line":16,"column":4},"end":{"line":36,"column":5}}},"fnMap":{"0":{"name":"(anonymous_0)","decl":{"start":{"line":6,"column":2},"end":{"line":6,"column":3}},"loc":{"start":{"line":6,"column":75},"end":{"line":9,"column":3}},"line":6},"1":{"name":"(anonymous_1)","decl":{"start":{"line":11,"column":2},"end":{"line":11,"column":3}},"loc":{"start":{"line":11,"column":25},"end":{"line":13,"column":3}},"line":11},"2":{"name":"(anonymous_2)","decl":{"start":{"line":15,"column":2},"end":{"line":15,"column":3}},"loc":{"start":{"line":15,"column":32},"end":{"line":37,"column":3}},"line":15}},"branchMap":{},"s":{"0":2,"1":2,"2":0,"3":2},"f":{"0":2,"1":0,"2":2},"b":{},"_coverageSchema":"1a1c01bbd47fc00a2c39e90264f33305004495a9","hash":"4d2b0032e2feb648078ee33d65765cc071310ff7"}
}
