TN:
SF:src\CostList\CostList.tsx
FN:8,(anonymous_0)
FN:22,(anonymous_1)
FN:27,(anonymous_2)
FN:40,(anonymous_3)
FN:46,(anonymous_4)
FN:55,(anonymous_5)
FNF:6
FNH:2
FNDA:2,(anonymous_0)
FNDA:0,(anonymous_1)
FNDA:0,(anonymous_2)
FNDA:0,(anonymous_3)
FNDA:2,(anonymous_4)
FNDA:0,(anonymous_5)
DA:9,2
DA:10,2
DA:23,0
DA:24,0
DA:28,0
DA:29,0
DA:30,0
DA:31,0
DA:37,0
DA:41,0
DA:42,0
DA:43,0
DA:47,2
DA:56,0
LF:14
LH:3
BRDA:51,0,0,2
BRDA:51,0,1,0
BRDA:54,1,0,0
BRDA:54,1,1,2
BRF:4
BRH:2
end_of_record
TN:
SF:src\CostList\CostItem\CostItem.tsx
FN:6,(anonymous_0)
FN:10,(anonymous_1)
FNF:2
FNH:1
FNDA:0,(anonymous_0)
FNDA:2,(anonymous_1)
DA:6,2
DA:7,0
DA:11,2
LF:3
LH:2
BRF:0
BRH:0
end_of_record
TN:
SF:src\CostList\CostItemAdd\CostItemAdd.tsx
FN:6,(anonymous_0)
FN:11,(anonymous_1)
FN:15,(anonymous_2)
FNF:3
FNH:2
FNDA:2,(anonymous_0)
FNDA:0,(anonymous_1)
FNDA:2,(anonymous_2)
DA:7,2
DA:8,2
DA:12,0
DA:16,2
LF:4
LH:3
BRF:0
BRH:0
end_of_record
